[0123/113522.054:WARNING:backend_impl.cc(1837)] Destroying invalid entry.
[0123/113522.056:ERROR:backend_impl.cc(1041)] Critical error found -8
[0123/113522.056:WARNING:storage_block-inl.h(146)] Failed data load.
[0123/113522.056:WARNING:storage_block-inl.h(146)] Failed data load.
[0123/113522.056:ERROR:entry_impl.cc(1075)] No file for b3020000
[0123/113522.056:WARNING:storage_block-inl.h(146)] Failed data load.
[0123/113522.056:WARNING:storage_block-inl.h(146)] Failed data load.
[0123/113522.056:WARNING:storage_block-inl.h(146)] Failed data load.
[0123/113522.056:WARNING:storage_block-inl.h(146)] Failed data load.
[0123/113522.056:ERROR:entry_impl.cc(1075)] No file for b3020014
[0123/113522.056:WARNING:storage_block-inl.h(146)] Failed data load.
[0123/113522.058:WARNING:storage_block-inl.h(146)] Failed data load.
[0123/113522.058:WARNING:storage_block-inl.h(146)] Failed data load.
[0123/113522.058:WARNING:storage_block-inl.h(146)] Failed data load.
[0123/113522.058:ERROR:entry_impl.cc(1075)] No file for b3020010
[0123/113522.058:WARNING:storage_block-inl.h(146)] Failed data load.
[0123/113522.058:WARNING:storage_block-inl.h(146)] Failed data load.
[0123/113522.058:WARNING:storage_block-inl.h(146)] Failed data load.
[0123/113522.058:WARNING:storage_block-inl.h(146)] Failed data load.
[0123/113522.058:ERROR:entry_impl.cc(1075)] No file for b302000c
[0123/113522.058:WARNING:storage_block-inl.h(146)] Failed data load.
[0123/113522.058:WARNING:storage_block-inl.h(146)] Failed data load.
[0123/113522.058:WARNING:storage_block-inl.h(146)] Failed data load.
[0123/113522.058:WARNING:storage_block-inl.h(146)] Failed data load.
[0123/113522.058:ERROR:entry_impl.cc(1075)] No file for c103001e
[0123/113522.058:WARNING:storage_block-inl.h(146)] Failed data load.
[0123/113522.058:WARNING:storage_block-inl.h(146)] Failed data load.
[0123/113522.058:WARNING:storage_block-inl.h(146)] Failed data load.
[0123/113522.058:WARNING:storage_block-inl.h(146)] Failed data load.
[0123/113522.058:ERROR:entry_impl.cc(1075)] No file for b3020054
[0123/113522.058:WARNING:storage_block-inl.h(146)] Failed data load.
[0123/113522.058:WARNING:storage_block-inl.h(146)] Failed data load.
[0123/113522.058:WARNING:storage_block-inl.h(146)] Failed data load.
[0123/113522.058:WARNING:storage_block-inl.h(146)] Failed data load.
[0123/113522.058:ERROR:entry_impl.cc(1075)] No file for b3020050
[0123/113522.058:WARNING:storage_block-inl.h(146)] Failed data load.
[0123/113522.058:WARNING:storage_block-inl.h(146)] Failed data load.
[0123/113522.058:WARNING:storage_block-inl.h(146)] Failed data load.
[0123/113522.058:WARNING:storage_block-inl.h(146)] Failed data load.
[0123/113522.058:ERROR:entry_impl.cc(1075)] No file for b3020048
[0123/113522.058:WARNING:storage_block-inl.h(146)] Failed data load.
[0123/113522.059:WARNING:storage_block-inl.h(146)] Failed data load.
[0123/113522.059:WARNING:storage_block-inl.h(146)] Failed data load.
[0123/113522.059:WARNING:storage_block-inl.h(146)] Failed data load.
[0123/113522.059:ERROR:entry_impl.cc(1075)] No file for c0030020
[0123/113522.059:WARNING:storage_block-inl.h(146)] Failed data load.
[0123/113522.059:WARNING:storage_block-inl.h(146)] Failed data load.
[0123/113522.059:WARNING:storage_block-inl.h(146)] Failed data load.
[0123/113522.059:WARNING:storage_block-inl.h(146)] Failed data load.
[0123/113522.059:ERROR:entry_impl.cc(1075)] No file for b302004c
[0123/113522.059:WARNING:storage_block-inl.h(146)] Failed data load.
[0123/113522.059:WARNING:storage_block-inl.h(146)] Failed data load.
[0123/113522.059:WARNING:storage_block-inl.h(146)] Failed data load.
[0123/113522.059:WARNING:storage_block-inl.h(146)] Failed data load.
[0123/113522.059:ERROR:entry_impl.cc(1075)] No file for b3020018
[0123/113522.059:WARNING:storage_block-inl.h(146)] Failed data load.
[0123/113522.059:WARNING:storage_block-inl.h(146)] Failed data load.
[0123/113522.059:WARNING:storage_block-inl.h(146)] Failed data load.
[0123/113522.059:WARNING:storage_block-inl.h(146)] Failed data load.
[0123/113522.059:ERROR:entry_impl.cc(1075)] No file for c103000e
[0123/113522.059:WARNING:storage_block-inl.h(146)] Failed data load.
[0123/113522.059:WARNING:storage_block-inl.h(146)] Failed data load.
[0123/113522.059:WARNING:storage_block-inl.h(146)] Failed data load.
[0123/113522.059:WARNING:storage_block-inl.h(146)] Failed data load.
[0123/113522.059:ERROR:entry_impl.cc(1075)] No file for c103001c
[0123/113522.059:WARNING:storage_block-inl.h(146)] Failed data load.
[0123/113522.059:WARNING:storage_block-inl.h(146)] Failed data load.
[0123/113522.059:WARNING:storage_block-inl.h(146)] Failed data load.
[0123/113522.059:WARNING:storage_block-inl.h(146)] Failed data load.
[0123/113522.059:ERROR:entry_impl.cc(1075)] No file for b3020028
[0123/113522.059:WARNING:storage_block-inl.h(146)] Failed data load.
[0123/113522.059:WARNING:storage_block-inl.h(146)] Failed data load.
[0123/113522.061:WARNING:storage_block-inl.h(146)] Failed data load.
[0123/113522.061:WARNING:storage_block-inl.h(146)] Failed data load.
[0123/113522.062:WARNING:storage_block-inl.h(146)] Failed data load.
[0123/113522.062:WARNING:storage_block-inl.h(146)] Failed data load.
[0123/113522.064:WARNING:storage_block-inl.h(146)] Failed data load.
[0123/113522.065:WARNING:storage_block-inl.h(146)] Failed data load.
[0123/113522.065:WARNING:storage_block-inl.h(146)] Failed data load.
[0123/113522.066:WARNING:storage_block-inl.h(146)] Failed data load.
[0123/113522.066:WARNING:storage_block-inl.h(146)] Failed data load.
[0123/113522.066:WARNING:storage_block-inl.h(146)] Failed data load.
[0123/113522.067:WARNING:storage_block-inl.h(146)] Failed data load.
[0123/113522.067:WARNING:storage_block-inl.h(146)] Failed data load.
[0123/113522.223:WARNING:storage_block-inl.h(146)] Failed data load.
[0123/113522.223:WARNING:storage_block-inl.h(146)] Failed data load.
[0123/113522.223:WARNING:storage_block-inl.h(146)] Failed data load.
[0123/113522.223:WARNING:storage_block-inl.h(146)] Failed data load.
[0123/113522.224:ERROR:entry_impl.cc(998)] Failed to save user data
[0123/113522.224:ERROR:entry_impl.cc(998)] Failed to save user data
[0123/113522.224:WARNING:storage_block-inl.h(146)] Failed data load.
[0123/113522.224:WARNING:storage_block-inl.h(146)] Failed data load.
[0123/113522.227:WARNING:storage_block-inl.h(146)] Failed data load.
[0123/113522.227:WARNING:storage_block-inl.h(146)] Failed data load.
[0123/113522.259:WARNING:storage_block-inl.h(146)] Failed data load.
[0123/113522.259:WARNING:storage_block-inl.h(146)] Failed data load.
[0123/113522.265:ERROR:entry_impl.cc(998)] Failed to save user data
[0123/113721.145:ERROR:gpu_init.cc(426)] Passthrough is not supported, GL is disabled
[0123/120417.567:WARNING:dns_config_service_win.cc(712)] Failed to read DnsConfig.
[0123/120417.596:WARNING:dns_config_service_win.cc(712)] Failed to read DnsConfig.
[0123/120417.854:WARNING:dns_config_service_win.cc(712)] Failed to read DnsConfig.
[0123/120417.875:WARNING:dns_config_service_win.cc(712)] Failed to read DnsConfig.
[0123/120417.937:WARNING:dns_config_service_win.cc(712)] Failed to read DnsConfig.
[0123/120418.010:WARNING:dns_config_service_win.cc(712)] Failed to read DnsConfig.
[0123/120418.061:WARNING:dns_config_service_win.cc(712)] Failed to read DnsConfig.
[0123/120418.076:WARNING:dns_config_service_win.cc(712)] Failed to read DnsConfig.
[0123/120422.501:ERROR:ssl_client_socket_impl.cc(947)] handshake failed; returned -1, SSL error code 1, net_error -202
[0123/120422.503:ERROR:ssl_client_socket_impl.cc(947)] handshake failed; returned -1, SSL error code 1, net_error -202
[0123/120422.853:ERROR:ssl_client_socket_impl.cc(947)] handshake failed; returned -1, SSL error code 1, net_error -202
[0123/120422.996:ERROR:ssl_client_socket_impl.cc(947)] handshake failed; returned -1, SSL error code 1, net_error -202
[0123/120424.305:ERROR:ssl_client_socket_impl.cc(947)] handshake failed; returned -1, SSL error code 1, net_error -202
[0123/120424.321:ERROR:ssl_client_socket_impl.cc(947)] handshake failed; returned -1, SSL error code 1, net_error -202
[0123/120426.439:ERROR:ssl_client_socket_impl.cc(947)] handshake failed; returned -1, SSL error code 1, net_error -202
[0123/120426.557:ERROR:ssl_client_socket_impl.cc(947)] handshake failed; returned -1, SSL error code 1, net_error -202
[0123/120429.316:ERROR:ssl_client_socket_impl.cc(947)] handshake failed; returned -1, SSL error code 1, net_error -202
[0123/120429.671:ERROR:ssl_client_socket_impl.cc(947)] handshake failed; returned -1, SSL error code 1, net_error -202
